Detecting compiler hash for triplet x64-linux...
Compiler found: /usr/bin/c++
The following packages will be built and installed:
  * egl-registry:x64-linux@2024-01-25
    fmt:x64-linux@11.0.2#1
    glad[core,loader]:x64-linux@0.1.36
    glfw3:x64-linux@3.4#1
    imgui[core,glfw-binding,opengl3-binding]:x64-linux@1.91.9
    implot:x64-linux@0.16
    opengl:x64-linux@2022-12-04#3
  * opengl-registry:x64-linux@2024-02-10#1
  * vcpkg-cmake:x64-linux@2024-04-23
  * vcpkg-cmake-config:x64-linux@2024-05-23
Additional packages (*) will be modified to complete this operation.
Restored 10 package(s) from /home/nitesh/.cache/vcpkg/archives in 111 ms. Use --debug to see more details.
Installing 1/10 vcpkg-cmake-config:x64-linux@2024-05-23...
Elapsed time to handle vcpkg-cmake-config:x64-linux: 1.53 ms
vcpkg-cmake-config:x64-linux package ABI: b3e6227a9c46d5cefacb0e63db4ce64c7509717f60edb2a6480b5feb7d594ac0
Installing 2/10 vcpkg-cmake:x64-linux@2024-04-23...
Elapsed time to handle vcpkg-cmake:x64-linux: 657 us
vcpkg-cmake:x64-linux package ABI: c11d8aa1071fb205926030998cf9c1d023b6719ff8a0fa6d9bcf62a1a9ec2a10
Installing 3/10 fmt:x64-linux@11.0.2#1...
Elapsed time to handle fmt:x64-linux: 2.82 ms
fmt:x64-linux package ABI: d96c4682a7d09c97815a3df1b009392ad4f599983479e00784811375290ec6a9
Installing 4/10 egl-registry:x64-linux@2024-01-25...
Elapsed time to handle egl-registry:x64-linux: 2.46 ms
egl-registry:x64-linux package ABI: 0c2e8d8075c2a2e36e8009b796510216628f033247b259e78743ce95ac4ffd48
Installing 5/10 opengl-registry:x64-linux@2024-02-10#1...
Elapsed time to handle opengl-registry:x64-linux: 5.98 ms
opengl-registry:x64-linux package ABI: 39a1ca26d4c6ca237129ff7131ec76515f8bed220ed4f032885a5a1be5b4d7e6
Installing 6/10 glad[core,loader]:x64-linux@0.1.36...
Elapsed time to handle glad:x64-linux: 2.11 ms
glad:x64-linux package ABI: 871b769054dc37323ab894f20de0c5dbf2f94388482fa02eac7431414a34b3ac
Installing 7/10 glfw3:x64-linux@3.4#1...
Elapsed time to handle glfw3:x64-linux: 1.59 ms
glfw3:x64-linux package ABI: 05bf1a8ef65f7d1d6a11354724c902c79420ac35eb8c811929d171d459733fde
Installing 8/10 imgui[core,glfw-binding,opengl3-binding]:x64-linux@1.91.9...
Elapsed time to handle imgui:x64-linux: 1.6 ms
imgui:x64-linux package ABI: 5200f7422d9a58bdcac8ad618b782b94ff2682f28095829f7698ef01265ac637
Installing 9/10 implot:x64-linux@0.16...
Elapsed time to handle implot:x64-linux: 1.04 ms
implot:x64-linux package ABI: c726931c817068b6548ea49e0dae7f848fd5a3c12511a67145c9f827a0051325
Installing 10/10 opengl:x64-linux@2022-12-04#3...
Elapsed time to handle opengl:x64-linux: 820 us
opengl:x64-linux package ABI: 6e4e44726cd91499d9c24fab44f09e18024c58366be68ec003795431cd32da89
Total install time: 22 ms
The package fmt provides CMake targets:

    find_package(fmt CONFIG REQUIRED)
    target_link_libraries(main PRIVATE fmt::fmt)

    # Or use the header-only version
    find_package(fmt CONFIG REQUIRED)
    target_link_libraries(main PRIVATE fmt::fmt-header-only)

glad provides CMake targets:

  # this is heuristically generated, and may not be correct
  find_package(glad CONFIG REQUIRED)
  target_link_libraries(main PRIVATE glad::glad)

glfw3 provides CMake targets:

  # this is heuristically generated, and may not be correct
  find_package(glfw3 CONFIG REQUIRED)
  target_link_libraries(main PRIVATE glfw)

glfw3 provides pkg-config modules:

  # A multi-platform library for OpenGL, window and input
  glfw3

imgui provides CMake targets:

  # this is heuristically generated, and may not be correct
  find_package(imgui CONFIG REQUIRED)
  target_link_libraries(main PRIVATE imgui::imgui)

implot provides CMake targets:

  # this is heuristically generated, and may not be correct
  find_package(implot CONFIG REQUIRED)
  target_link_libraries(main PRIVATE implot::implot)

The package opengl is compatible with built-in CMake targets via CMake v3.7 and prior syntax

    find_package(OpenGL REQUIRED)
    target_link_libraries(main PRIVATE ${OPENGL_LIBRARIES})
    target_include_directories(main PRIVATE ${OPENGL_INCLUDE_DIR})

and the CMake v3.8 and beyond imported target syntax

    find_package(OpenGL REQUIRED)
    target_link_libraries(main PRIVATE OpenGL::GL)

introduction of various components

    find_package(OpenGL REQUIRED COMPONENTS GL      # v3.8
                                            GLU     # v3.8
                                            GLX     # v3.10
                                            EGL     # v3.10
                                            OpenGL) # v3.10

The OpenGL SDK is highly platform dependent and is usually an OS component. It's not realistic to build from source for every platform.

    WINDOWS: is part of the Windows SDK which this package installs.
    LINUX: the SDK may be installed from your distro's repo or from 3rd parties manually. There are too many to count.
    APPLE: consult your distribution vendor on the state of OpenGL support: https://support.apple.com/en-us/HT202823

